<?xml version="1.0" encoding="utf-8"?>
<coverage line-rate="0.08929999999999999" branch-rate="0.059500000000000004" version="1.9" timestamp="1780125135" lines-covered="160" lines-valid="1790" branches-covered="29" branches-valid="487">
  <sources>
    <source>E:\projects\kimi\SpriteForge\SpriteCore\src\</source>
  </sources>
  <packages>
    <package name="SpriteCore" line-rate="0.08929999999999999" branch-rate="0.059500000000000004" complexity="799">
      <classes>
        <class name="SDL2.LPUtf8StrMarshaler" filename="External\SDL2\LPUtf8StrMarshaler.cs" line-rate="0" branch-rate="0" complexity="16">
          <methods>
            <method name="GetInstance" signature="(System.String)" line-rate="0" branch-rate="0" complexity="2">
              <lines>
                <line number="42" hits="0" branch="False" />
                <line number="43" hits="0" branch="True" condition-coverage="0% (0/2)">
                  <conditions>
                    <condition number="16" type="jump" coverage="0%" />
                  </conditions>
                </line>
                <line number="46" hits="0" branch="False" />
                <line number="48" hits="0" branch="False" />
                <line number="50" hits="0" branch="False" />
              </lines>
            </method>
            <method name="MarshalNativeToManaged" signature="(System.IntPtr)" line-rate="0" branch-rate="0" complexity="4">
              <lines>
                <line number="60" hits="0" branch="False" />
                <line number="61" hits="0" branch="True" condition-coverage="0% (0/2)">
                  <conditions>
                    <condition number="11" type="jump" coverage="0%" />
                  </conditions>
                </line>
                <line number="62" hits="0" branch="False" />
                <line number="63" hits="0" branch="False" />
                <line number="64" hits="0" branch="True" condition-coverage="0% (0/2)">
                  <conditions>
                    <condition number="36" type="jump" coverage="0%" />
                  </conditions>
                </line>
                <line number="65" hits="0" branch="False" />
                <line number="66" hits="0" branch="False" />
                <line number="67" hits="0" branch="False" />
                <line number="68" hits="0" branch="False" />
                <line number="69" hits="0" branch="False" />
                <line number="70" hits="0" branch="False" />
                <line number="71" hits="0" branch="False" />
              </lines>
            </method>
            <method name="MarshalManagedToNative" signature="(System.Object)" line-rate="0" branch-rate="0" complexity="4">
              <lines>
                <line number="74" hits="0" branch="False" />
                <line number="75" hits="0" branch="True" condition-coverage="0% (0/2)">
                  <conditions>
                    <condition number="7" type="jump" coverage="0%" />
                  </conditions>
                </line>
                <line number="76" hits="0" branch="False" />
                <line number="77" hits="0" branch="False" />
                <line number="78" hits="0" branch="True" condition-coverage="0% (0/2)">
                  <conditions>
                    <condition number="33" type="jump" coverage="0%" />
                  </conditions>
                </line>
                <line number="79" hits="0" branch="False" />
                <line number="80" hits="0" branch="False" />
                <line number="82" hits="0" branch="False" />
                <line number="83" hits="0" branch="False" />
                <line number="84" hits="0" branch="False" />
                <line number="85" hits="0" branch="False" />
                <line number="86" hits="0" branch="False" />
                <line number="87" hits="0" branch="False" />
              </lines>
            </method>
            <method name="CleanUpManagedData" signature="(System.Object)" line-rate="0" branch-rate="1" complexity="1">
              <lines>
                <line number="90" hits="0" branch="False" />
                <line number="91" hits="0" branch="False" />
              </lines>
            </method>
            <method name="CleanUpNativeData" signature="(System.IntPtr)" line-rate="0" branch-rate="0" complexity="2">
              <lines>
                <line number="94" hits="0" branch="False" />
                <line number="95" hits="0" branch="True" condition-coverage="0% (0/2)">
                  <conditions>
                    <condition number="12" type="jump" coverage="0%" />
                  </conditions>
                </line>
                <line number="96" hits="0" branch="False" />
                <line number="97" hits="0" branch="False" />
                <line number="98" hits="0" branch="False" />
                <line number="99" hits="0" branch="False" />
              </lines>
            </method>
            <method name="GetNativeDataSize" signature="()" line-rate="0" branch-rate="1" complexity="1">
              <lines>
                <line number="102" hits="0" branch="False" />
                <line number="103" hits="0" branch="False" />
                <line number="104" hits="0" branch="False" />
              </lines>
            </method>
            <method name=".ctor" signature="(System.Boolean)" line-rate="0" branch-rate="1" complexity="1">
              <lines>
                <line number="54" hits="0" branch="False" />
                <line number="55" hits="0" branch="False" />
                <line number="56" hits="0" branch="False" />
                <line number="57" hits="0" branch="False" />
              </lines>
            </method>
            <method name=".cctor" signature="()" line-rate="0" branch-rate="1" complexity="1">
              <lines>
                <line number="37" hits="0" branch="False" />
                <line number="38" hits="0" branch="False" />
                <line number="39" hits="0" branch="False" />
              </lines>
            </method>
          </methods>
          <lines>
            <line number="42" hits="0" branch="False" />
            <line number="43" hits="0" branch="True" condition-coverage="0% (0/2)">
              <conditions>
                <condition number="16" type="jump" coverage="0%" />
              </conditions>
            </line>
            <line number="46" hits="0" branch="False" />
            <line number="48" hits="0" branch="False" />
            <line number="50" hits="0" branch="False" />
            <line number="60" hits="0" branch="False" />
            <line number="61" hits="0" branch="True" condition-coverage="0% (0/2)">
              <conditions>
                <condition number="11" type="jump" coverage="0%" />
              </conditions>
            </line>
            <line number="62" hits="0" branch="False" />
            <line number="63" hits="0" branch="False" />
            <line number="64" hits="0" branch="True" condition-coverage="0% (0/2)">
              <conditions>
                <condition number="36" type="jump" coverage="0%" />
              </conditions>
            </line>
            <line number="65" hits="0" branch="False" />
            <line number="66" hits="0" branch="False" />
            <line number="67" hits="0" branch="False" />
            <line number="68" hits="0" branch="False" />
            <line number="69" hits="0" branch="False" />
            <line number="70" hits="0" branch="False" />
            <line number="71" hits="0" branch="False" />
            <line number="74" hits="0" branch="False" />
            <line number="75" hits="0" branch="True" condition-coverage="0% (0/2)">
              <conditions>
                <condition number="7" type="jump" coverage="0%" />
              </conditions>
            </line>
            <line number="76" hits="0" branch="False" />
            <line number="77" hits="0" branch="False" />
            <line number="78" hits="0" branch="True" condition-coverage="0% (0/2)">
              <conditions>
                <condition number="33" type="jump" coverage="0%" />
              </conditions>
            </line>
            <line number="79" hits="0" branch="False" />
            <line number="80" hits="0" branch="False" />
            <line number="82" hits="0" branch="False" />
            <line number="83" hits="0" branch="False" />
            <line number="84" hits="0" branch="False" />
            <line number="85" hits="0" branch="False" />
            <line number="86" hits="0" branch="False" />
            <line number="87" hits="0" branch="False" />
            <line number="90" hits="0" branch="False" />
            <line number="91" hits="0" branch="False" />
            <line number="94" hits="0" branch="False" />
            <line number="95" hits="0" branch="True" condition-coverage="0% (0/2)">
              <conditions>
                <condition number="12" type="jump" coverage="0%" />
              </conditions>
            </line>
            <line number="96" hits="0" branch="False" />
            <line number="97" hits="0" branch="False" />
            <line number="98" hits="0" branch="False" />
            <line number="99" hits="0" branch="False" />
            <line number="102" hits="0" branch="False" />
            <line number="103" hits="0" branch="False" />
            <line number="104" hits="0" branch="False" />
            <line number="54" hits="0" branch="False" />
            <line number="55" hits="0" branch="False" />
            <line number="56" hits="0" branch="False" />
            <line number="57" hits="0" branch="False" />
            <line number="37" hits="0" branch="False" />
            <line number="38" hits="0" branch="False" />
            <line number="39" hits="0" branch="False" />
          </lines>
        </class>
        <class name="SDL2.SDL" filename="External\SDL2\SDL2.cs" line-rate="0" branch-rate="0" complexity="69">
          <methods>
            <method name="SDL_FOURCC" signature="(System.Byte,System.Byte,System.Byte,System.Byte)" line-rate="0" branch-rate="1" complexity="1">
              <lines>
                <line number="53" hits="0" branch="False" />
                <line number="54" hits="0" branch="False" />
                <line number="55" hits="0" branch="False" />
              </lines>
            </method>
            <method name="SDL_ShowMessageBox" signature="(SDL2.SDL/SDL_MessageBoxData&amp;,System.Int32&amp;)" line-rate="0" branch-rate="0" complexity="6">
              <lines>
                <line number="734" hits="0" branch="False" />
                <line number="735" hits="0" branch="False" />
                <line number="737" hits="0" branch="False" />
                <line number="738" hits="0" branch="False" />
                <line number="739" hits="0" branch="False" />
                <line number="740" hits="0" branch="False" />
                <line number="741" hits="0" branch="False" />
                <line number="742" hits="0" branch="False" />
                <line number="743" hits="0" branch="False" />
                <line number="744" hits="0" branch="False" />
                <line number="746" hits="0" branch="False" />
                <line number="747" hits="0" branch="True" condition-coverage="0% (0/2)">
                  <conditions>
                    <condition number="234" type="jump" coverage="0%" />
                  </conditions>
                </line>
                <line number="748" hits="0" branch="False" />
                <line number="749" hits="0" branch="False" />
                <line number="750" hits="0" branch="False" />
                <line number="751" hits="0" branch="False" />
                <line number="752" hits="0" branch="False" />
                <line number="753" hits="0" branch="False" />
                <line number="754" hits="0" branch="False" />
                <line number="755" hits="0" branch="False" />
                <line number="757" hits="0" branch="True" condition-coverage="0% (0/2)">
                  <conditions>
                    <condition number="251" type="jump" coverage="0%" />
                  </conditions>
                </line>
                <line number="758" hits="0" branch="False" />
                <line number="759" hits="0" branch="False" />
                <line number="760" hits="0" branch="False" />
                <line number="761" hits="0" branch="False" />
                <line number="764" hits="0" branch="False" />
                <line number="765" hits="0" branch="False" />
                <line number="766" hits="0" branch="False" />
                <line number="767" hits="0" branch="False" />
                <line number="768" hits="0" branch="False" />
                <line number="770" hits="0" branch="False" />
                <line number="771" hits="0" branch="True" condition-coverage="0% (0/2)">
                  <conditions>
                    <condition number="403" type="jump" coverage="0%" />
                  </conditions>
                </line>
                <line number="772" hits="0" branch="False" />
                <line number="773" hits="0" branch="False" />
                <line number="774" hits="0" branch="False" />
                <line number="775" hits="0" branch="False" />
                <line number="776" hits="0" branch="False" />
                <line number="778" hits="0" branch="False" />
                <line number="779" hits="0" branch="False" />
              </lines>
            </method>
            <method name="SDL_VERSION" signature="(SDL2.SDL/SDL_version&amp;)" line-rate="0" branch-rate="1" complexity="1">
              <lines>
                <line number="838" hits="0" branch="False" />
                <line number="839" hits="0" branch="False" />
                <line number="840" hits="0" branch="False" />
                <line number="841" hits="0" branch="False" />
                <line number="842" hits="0" branch="False" />
              </lines>
            </method>
            <method name="SDL_VERSIONNUM" signature="(System.Int32,System.Int32,System.Int32)" line-rate="0" branch-rate="1" complexity="1">
              <lines>
                <line number="854" hits="0" branch="False" />
                <line number="855" hits="0" branch="False" />
                <line number="856" hits="0" branch="False" />
              </lines>
            </method>
            <method name="SDL_VERSION_ATLEAST" signature="(System.Int32,System.Int32,System.Int32)" line-rate="0" branch-rate="1" complexity="1">
              <lines>
                <line number="866" hits="0" branch="False" />
                <line number="867" hits="0" branch="False" />
                <line number="868" hits="0" branch="False" />
              </lines>
            </method>
            <method name="SDL_WINDOWPOS_UNDEFINED_DISPLAY" signature="(System.Int32)" line-rate="0" branch-rate="1" complexity="1">
              <lines>
                <line number="1023" hits="0" branch="False" />
                <line number="1024" hits="0" branch="False" />
                <line number="1025" hits="0" branch="False" />
              </lines>
            </method>
            <method name="SDL_WINDOWPOS_ISUNDEFINED" signature="(System.Int32)" line-rate="0" branch-rate="1" complexity="1">
              <lines>
                <line number="1028" hits="0" branch="False" />
                <line number="1029" hits="0" branch="False" />
                <line number="1030" hits="0" branch="False" />
              </lines>
            </method>
            <method name="SDL_WINDOWPOS_CENTERED_DISPLAY" signature="(System.Int32)" line-rate="0" branch-rate="1" complexity="1">
              <lines>
                <line number="1033" hits="0" branch="False" />
                <line number="1034" hits="0" branch="False" />
                <line number="1035" hits="0" branch="False" />
              </lines>
            </method>
            <method name="SDL_WINDOWPOS_ISCENTERED" signature="(System.Int32)" line-rate="0" branch-rate="1" complexity="1">
              <lines>
                <line number="1038" hits="0" branch="False" />
                <line number="1039" hits="0" branch="False" />
                <line number="1040" hits="0" branch="False" />
              </lines>
            </method>
            <method name="SDL_DEFINE_PIXELFOURCC" signature="(System.Byte,System.Byte,System.Byte,System.Byte)" line-rate="0" branch-rate="1" complexity="1">
              <lines>
                <line number="2153" hits="0" branch="False" />
                <line number="2154" hits="0" branch="False" />
                <line number="2155" hits="0" branch="False" />
              </lines>
            </method>
            <method name="SDL_DEFINE_PIXELFORMAT" signature="(SDL2.SDL/SDL_PIXELTYPE_ENUM,SDL2.SDL/SDL_PIXELORDER_ENUM,SDL2.SDL/SDL_PACKEDLAYOUT_ENUM,System.Byte,System.Byte)" line-rate="0" branch-rate="1" complexity="1">
              <lines>
                <line number="2163" hits="0" branch="False" />
                <line number="2164" hits="0" branch="False" />
                <line number="2165" hits="0" branch="False" />
                <line number="2166" hits="0" branch="False" />
                <line number="2167" hits="0" branch="False" />
                <line number="2168" hits="0" branch="False" />
                <line number="2169" hits="0" branch="False" />
                <line number="2170" hits="0" branch="False" />
                <line number="2171" hits="0" branch="False" />
                <line number="2172" hits="0" branch="False" />
              </lines>
            </method>
            <method name="SDL_PIXELFLAG" signature="(System.UInt32)" line-rate="0" branch-rate="1" complexity="1">
              <lines>
                <line number="2175" hits="0" branch="False" />
                <line number="2176" hits="0" branch="False" />
                <line number="2177" hits="0" branch="False" />
              </lines>
            </method>
            <method name="SDL_PIXELTYPE" signature="(System.UInt32)" line-rate="0" branch-rate="1" complexity="1">
              <lines>
                <line number="2180" hits="0" branch="False" />
                <line number="2181" hits="0" branch="False" />
                <line number="2182" hits="0" branch="False" />
              </lines>
            </method>
            <method name="SDL_PIXELORDER" signature="(System.UInt32)" line-rate="0" branch-rate="1" complexity="1">
              <lines>
                <line number="2185" hits="0" branch="False" />
                <line number="2186" hits="0" branch="False" />
                <line number="2187" hits="0" branch="False" />
              </lines>
            </method>
            <method name="SDL_PIXELLAYOUT" signature="(System.UInt32)" line-rate="0" branch-rate="1" complexity="1">
              <lines>
                <line number="2190" hits="0" branch="False" />
                <line number="2191" hits="0" branch="False" />
                <line number="2192" hits="0" branch="False" />
              </lines>
            </method>
            <method name="SDL_BITSPERPIXEL" signature="(System.UInt32)" line-rate="0" branch-rate="1" complexity="1">
              <lines>
                <line number="2195" hits="0" branch="False" />
                <line number="2196" hits="0" branch="False" />
                <line number="2197" hits="0" branch="False" />
              </lines>
            </method>
            <method name="SDL_BYTESPERPIXEL" signature="(System.UInt32)" line-rate="0" branch-rate="0" complexity="8">
              <lines>
                <line number="2200" hits="0" branch="False" />
                <line number="2201" hits="0" branch="True" condition-coverage="0% (0/2)">
                  <conditions>
                    <condition number="9" type="jump" coverage="0%" />
                  </conditions>
                </line>
                <line number="2202" hits="0" branch="False" />
                <line number="2203" hits="0" branch="True" condition-coverage="0% (0/6)">
                  <conditions>
                    <condition number="18" type="jump" coverage="0%" />
                    <condition number="26" type="jump" coverage="0%" />
                    <condition number="41" type="jump" coverage="0%" />
                  </conditions>
                </line>
                <line number="2204" hits="0" branch="False" />
                <line number="2205" hits="0" branch="False" />
                <line number="2206" hits="0" branch="False" />
                <line number="2207" hits="0" branch="False" />
                <line number="2209" hits="0" branch="False" />
                <line number="2211" hits="0" branch="False" />
                <line number="2212" hits="0" branch="False" />
              </lines>
            </method>
            <method name="SDL_ISPIXELFORMAT_INDEXED" signature="(System.UInt32)" line-rate="0" branch-rate="0" complexity="6">
              <lines>
                <line number="2215" hits="0" branch="False" />
                <line number="2216" hits="0" branch="True" condition-coverage="0% (0/2)">
                  <conditions>
                    <condition number="9" type="jump" coverage="0%" />
                  </conditions>
                </line>
                <line number="2217" hits="0" branch="False" />
                <line number="2218" hits="0" branch="False" />
                <line number="2220" hits="0" branch="False" />
                <line number="2221" hits="0" branch="False" />
                <line number="2222" hits="0" branch="True" condition-coverage="0% (0/4)">
                  <conditions>
                    <condition number="25" type="jump" coverage="0%" />
                    <condition number="29" type="jump" coverage="0%" />
                  </conditions>
                </line>
                <line number="2223" hits="0" branch="False" />
                <line number="2224" hits="0" branch="False" />
                <line number="2225" hits="0" branch="False" />
                <line number="2226" hits="0" branch="False" />
                <line number="2227" hits="0" branch="False" />
              </lines>
            </method>
            <method name="SDL_ISPIXELFORMAT_ALPHA" signature="(System.UInt32)" line-rate="0" branch-rate="0" complexity="8">
              <lines>
                <line number="2230" hits="0" branch="False" />
                <line number="2231" hits="0" branch="True" condition-coverage="0% (0/2)">
                  <conditions>
                    <condition number="9" type="jump" coverage="0%" />
                  </conditions>
                </line>
                <line number="2232" hits="0" branch="False" />
                <line number="2233" hits="0" branch="False" />
                <line number="2235" hits="0" branch="False" />
                <line number="2236" hits="0" branch="False" />
                <line number="2237" hits="0" branch="True" condition-coverage="0% (0/6)">
                  <conditions>
                    <condition number="25" type="jump" coverage="0%" />
                    <condition number="29" type="jump" coverage="0%" />
                    <condition number="33" type="jump" coverage="0%" />
                  </conditions>
                </line>
                <line number="2238" hits="0" branch="False" />
                <line number="2239" hits="0" branch="False" />
                <line number="2240" hits="0" branch="False" />
                <line number="2241" hits="0" branch="False" />
                <line number="2242" hits="0" branch="False" />
                <line number="2243" hits="0" branch="False" />
              </lines>
            </method>
            <method name="SDL_ISPIXELFORMAT_FOURCC" signature="(System.UInt32)" line-rate="0" branch-rate="0" complexity="2">
              <lines>
                <line number="2246" hits="0" branch="False" />
                <line number="2247" hits="0" branch="True" condition-coverage="0% (0/2)">
                  <conditions>
                    <condition number="2" type="jump" coverage="0%" />
                  </conditions>
                </line>
                <line number="2248" hits="0" branch="False" />
              </lines>
            </method>
            <method name="SDL_MUSTLOCK" signature="(System.IntPtr)" line-rate="0" branch-rate="1" complexity="1">
              <lines>
                <line number="2778" hits="0" branch="False" />
                <line number="2780" hits="0" branch="False" />
                <line number="2781" hits="0" branch="False" />
                <line number="2782" hits="0" branch="False" />
                <line number="2783" hits="0" branch="False" />
                <line number="2784" hits="0" branch="False" />
                <line number="2785" hits="0" branch="False" />
              </lines>
            </method>
            <method name="SDL_LoadBMP" signature="(System.String)" line-rate="0" branch-rate="1" complexity="1">
              <lines>
                <line number="3010" hits="0" branch="False" />
                <line number="3011" hits="0" branch="False" />
                <line number="3012" hits="0" branch="False" />
                <line number="3013" hits="0" branch="False" />
              </lines>
            </method>
            <method name="SDL_SaveBMP" signature="(System.IntPtr,System.String)" line-rate="0" branch-rate="1" complexity="1">
              <lines>
                <line number="3047" hits="0" branch="False" />
                <line number="3048" hits="0" branch="False" />
                <line number="3049" hits="0" branch="False" />
                <line number="3050" hits="0" branch="False" />
              </lines>
            </method>
            <method name="SDL_GetEventState" signature="(SDL2.SDL/SDL_EventType)" line-rate="0" branch-rate="1" complexity="1">
              <lines>
                <line number="3716" hits="0" branch="False" />
                <line number="3717" hits="0" branch="False" />
                <line number="3718" hits="0" branch="False" />
              </lines>
            </method>
            <method name="SDL_SCANCODE_TO_KEYCODE" signature="(SDL2.SDL/SDL_Scancode)" line-rate="0" branch-rate="1" complexity="1">
              <lines>
                <line number="4006" hits="0" branch="False" />
                <line number="4007" hits="0" branch="False" />
                <line number="4008" hits="0" branch="False" />
              </lines>
            </method>
            <method name="SDL_BUTTON" signature="(System.UInt32)" line-rate="0" branch-rate="1" complexity="1">
              <lines>
                <line number="4509" hits="0" branch="False" />
                <line number="4511" hits="0" branch="False" />
                <line number="4512" hits="0" branch="False" />
              </lines>
            </method>
            <method name="SDL_GameControllerAddMappingsFromFile" signature="(System.String)" line-rate="0" branch-rate="1" complexity="1">
              <lines>
                <line number="4773" hits="0" branch="False" />
                <line number="4774" hits="0" branch="False" />
                <line number="4775" hits="0" branch="False" />
                <line number="4776" hits="0" branch="False" />
              </lines>
            </method>
            <method name="SDL_AUDIO_BITSIZE" signature="(System.UInt16)" line-rate="0" branch-rate="1" complexity="1">
              <lines>
                <line number="5231" hits="0" branch="False" />
                <line number="5232" hits="0" branch="False" />
                <line number="5233" hits="0" branch="False" />
              </lines>
            </method>
            <method name="SDL_AUDIO_ISFLOAT" signature="(System.UInt16)" line-rate="0" branch-rate="1" complexity="1">
              <lines>
                <line number="5236" hits="0" branch="False" />
                <line number="5237" hits="0" branch="False" />
                <line number="5238" hits="0" branch="False" />
              </lines>
            </method>
            <method name="SDL_AUDIO_ISBIGENDIAN" signature="(System.UInt16)" line-rate="0" branch-rate="1" complexity="1">
              <lines>
                <line number="5241" hits="0" branch="False" />
                <line number="5242" hits="0" branch="False" />
                <line number="5243" hits="0" branch="False" />
              </lines>
            </method>
            <method name="SDL_AUDIO_ISSIGNED" signature="(System.UInt16)" line-rate="0" branch-rate="1" complexity="1">
              <lines>
                <line number="5246" hits="0" branch="False" />
                <line number="5247" hits="0" branch="False" />
                <line number="5248" hits="0" branch="False" />
              </lines>
            </method>
            <method name="SDL_AUDIO_ISINT" signature="(System.UInt16)" line-rate="0" branch-rate="1" complexity="1">
              <lines>
                <line number="5251" hits="0" branch="False" />
                <line number="5252" hits="0" branch="False" />
                <line number="5253" hits="0" branch="False" />
              </lines>
            </method>
            <method name="SDL_AUDIO_ISLITTLEENDIAN" signature="(System.UInt16)" line-rate="0" branch-rate="1" complexity="1">
              <lines>
                <line number="5256" hits="0" branch="False" />
                <line number="5257" hits="0" branch="False" />
                <line number="5258" hits="0" branch="False" />
              </lines>
            </method>
            <method name="SDL_AUDIO_ISUNSIGNED" signature="(System.UInt16)" line-rate="0" branch-rate="1" complexity="1">
              <lines>
                <line number="5261" hits="0" branch="False" />
                <line number="5262" hits="0" branch="False" />
                <line number="5263" hits="0" branch="False" />
              </lines>
            </method>
            <method name="SDL_LoadWAV" signature="(System.String,SDL2.SDL/SDL_AudioSpec&amp;,System.IntPtr&amp;,System.UInt32&amp;)" line-rate="0" branch-rate="1" complexity="1">
              <lines>
                <line number="5397" hits="0" branch="False" />
                <line number="5399" hits="0" branch="False" />
                <line number="5400" hits="0" branch="False" />
                <line number="5401" hits="0" branch="False" />
                <line number="5402" hits="0" branch="False" />
                <line number="5403" hits="0" branch="False" />
                <line number="5404" hits="0" branch="False" />
                <line number="5405" hits="0" branch="False" />
                <line number="5406" hits="0" branch="False" />
                <line number="5407" hits="0" branch="False" />
                <line number="5408" hits="0" branch="False" />
                <line number="5409" hits="0" branch="False" />
                <line number="5410" hits="0" branch="False" />
                <line number="5411" hits="0" branch="False" />
                <line number="5412" hits="0" branch="False" />
              </lines>
            </method>
            <method name="SDL_TICKS_PASSED" signature="(System.UInt32,System.UInt32)" line-rate="0" branch-rate="1" complexity="1">
              <lines>
                <line number="5489" hits="0" branch="False" />
                <line number="5490" hits="0" branch="False" />
                <line number="5491" hits="0" branch="False" />
              </lines>
            </method>
            <method name=".cctor" signature="()" line-rate="0" branch-rate="0" complexity="8">
              <lines>
                <line number="811" hits="0" branch="False" />
                <line number="812" hits="0" branch="False" />
                <line number="813" hits="0" branch="False" />
                <line number="814" hits="0" branch="False" />
                <line number="815" hits="0" branch="False" />
                <line number="2305" hits="0" branch="False" />
                <line number="2306" hits="0" branch="False" />
                <line number="2307" hits="0" branch="False" />
                <line number="2308" hits="0" branch="False" />
                <line number="2309" hits="0" branch="False" />
                <line number="2310" hits="0" branch="False" />
                <line number="2311" hits="0" branch="False" />
                <line number="2312" hits="0" branch="False" />
                <line number="2313" hits="0" branch="False" />
                <line number="2314" hits="0" branch="False" />
                <line number="2315" hits="0" branch="False" />
                <line number="2316" hits="0" branch="False" />
                <line number="2317" hits="0" branch="False" />
                <line number="2318" hits="0" branch="False" />
                <line number="2319" hits="0" branch="False" />
                <line number="2320" hits="0" branch="False" />
                <line number="2321" hits="0" branch="False" />
                <line number="2322" hits="0" branch="False" />
                <line number="2323" hits="0" branch="False" />
                <line number="2324" hits="0" branch="False" />
                <line number="2325" hits="0" branch="False" />
                <line number="2326" hits="0" branch="False" />
                <line number="2327" hits="0" branch="False" />
                <line number="2328" hits="0" branch="False" />
                <line number="2329" hits="0" branch="False" />
                <line number="2330" hits="0" branch="False" />
                <line number="2331" hits="0" branch="False" />
                <line number="2332" hits="0" branch="False" />
                <line number="2333" hits="0" branch="False" />
                <line number="2334" hits="0" branch="False" />
                <line number="2335" hits="0" branch="False" />
                <line number="2336" hits="0" branch="False" />
                <line number="2337" hits="0" branch="False" />
                <line number="2338" hits="0" branch="False" />
                <line number="2339" hits="0" branch="False" />
                <line number="2340" hits="0" branch="False" />
                <line number="2341" hits="0" branch="False" />
                <line number="2342" hits="0" branch="False" />
                <line number="2343" hits="0" branch="False" />
                <line number="2344" hits="0" branch="False" />
                <line number="2345" hits="0" branch="False" />
                <line number="2346" hits="0" branch="False" />
                <line number="2347" hits="0" branch="False" />
                <line number="2348" hits="0" branch="False" />
                <line number="2349" hits="0" branch="False" />
                <line number="2350" hits="0" branch="False" />
                <line number="2351" hits="0" branch="False" />
                <line number="2352" hits="0" branch="False" />
                <line number="2353" hits="0" branch="False" />
                <line number="2354" hits="0" branch="False" />
                <line number="2355" hits="0" branch="False" />
                <line number="2356" hits="0" branch="False" />
                <line number="2357" hits="0" branch="False" />
                <line number="2358" hits="0" branch="False" />
                <line number="2359" hits="0" branch="False" />
                <line number="2360" hits="0" branch="False" />
                <line number="2361" hits="0" branch="False" />
                <line number="2362" hits="0" branch="False" />
                <line number="2363" hits="0" branch="False" />
                <line number="2364" hits="0" branch="False" />
                <line number="2365" hits="0" branch="False" />
                <line number="2366" hits="0" branch="False" />
                <line number="2367" hits="0" branch="False" />
                <line number="2368" hits="0" branch="False" />
                <line number="2369" hits="0" branch="False" />
                <line number="2370" hits="0" branch="False" />
                <line number="2371" hits="0" branch="False" />
                <line number="2372" hits="0" branch="False" />
                <line number="2373" hits="0" branch="False" />
                <line number="2374" hits="0" branch="False" />
                <line number="2375" hits="0" branch="False" />
                <line number="2376" hits="0" branch="False" />
                <line number="2377" hits="0" branch="False" />
                <line number="2378" hits="0" branch="False" />
                <line number="2379" hits="0" branch="False" />
                <line number="2380" hits="0" branch="False" />
                <line number="2381" hits="0" branch="False" />
                <line number="2382" hits="0" branch="False" />
                <line number="2383" hits="0" branch="False" />
                <line number="2384" hits="0" branch="False" />
                <line number="2385" hits="0" branch="False" />
                <line number="2386" hits="0" branch="False" />
                <line number="2387" hits="0" branch="False" />
                <line number="2388" hits="0" branch="False" />
                <line number="2389" hits="0" branch="False" />
                <line number="2390" hits="0" branch="False" />
                <line number="2391" hits="0" branch="False" />
                <line number="2392" hits="0" branch="False" />
                <line number="2393" hits="0" branch="False" />
                <line number="2394" hits="0" branch="False" />
                <line number="2395" hits="0" branch="False" />
                <line number="2396" hits="0" branch="False" />
                <line number="2397" hits="0" branch="False" />
                <line number="2398" hits="0" branch="False" />
                <line number="2399" hits="0" branch="False" />
                <line number="2400" hits="0" branch="False" />
                <line number="2401" hits="0" branch="False" />
                <line number="2402" hits="0" branch="False" />
                <line number="2403" hits="0" branch="False" />
                <line number="2404" hits="0" branch="False" />
                <line number="2405" hits="0" branch="False" />
                <line number="2406" hits="0" branch="False" />
                <line number="2407" hits="0" branch="False" />
                <line number="2408" hits="0" branch="False" />
                <line number="2409" hits="0" branch="False" />
                <line number="2410" hits="0" branch="False" />
                <line number="2411" hits="0" branch="False" />
                <line number="2412" hits="0" branch="False" />
                <line number="2413" hits="0" branch="False" />
                <line number="2414" hits="0" branch="False" />
                <line number="2415" hits="0" branch="False" />
                <line number="2416" hits="0" branch="False" />
                <line number="2417" hits="0" branch="False" />
                <line number="2418" hits="0" branch="False" />
                <line number="2419" hits="0" branch="False" />
                <line number="2420" hits="0" branch="False" />
                <line number="2421" hits="0" branch="False" />
                <line number="2422" hits="0" branch="False" />
                <line number="2423" hits="0" branch="False" />
                <line number="2424" hits="0" branch="False" />
                <line number="2425" hits="0" branch="False" />
                <line number="2426" hits="0" branch="False" />
                <line number="2427" hits="0" branch="False" />
                <line number="2428" hits="0" branch="False" />
                <line number="2429" hits="0" branch="False" />
                <line number="2430" hits="0" branch="False" />
                <line number="2431" hits="0" branch="False" />
                <line number="2432" hits="0" branch="False" />
                <line number="2433" hits="0" branch="False" />
                <line number="2434" hits="0" branch="False" />
                <line number="2435" hits="0" branch="False" />
                <line number="2436" hits="0" branch="False" />
                <line number="2437" hits="0" branch="False" />
                <line number="2438" hits="0" branch="False" />
                <line number="2439" hits="0" branch="False" />
                <line number="2440" hits="0" branch="False" />
                <line number="2441" hits="0" branch="False" />
                <line number="2442" hits="0" branch="False" />
                <line number="2443" hits="0" branch="False" />
                <line number="2444" hits="0" branch="False" />
                <line number="2445" hits="0" branch="False" />
                <line number="2446" hits="0" branch="False" />
                <line number="2447" hits="0" branch="False" />
                <line number="2448" hits="0" branch="False" />
                <line number="2449" hits="0" branch="False" />
                <line number="2450" hits="0" branch="False" />
                <line number="2451" hits="0" branch="False" />
                <line number="2452" hits="0" branch="False" />
                <line number="2453" hits="0" branch="False" />
                <line number="2454" hits="0" branch="False" />
                <line number="2455" hits="0" branch="False" />
                <line number="2456" hits="0" branch="False" />
                <line number="2457" hits="0" branch="False" />
                <line number="2458" hits="0" branch="False" />
                <line number="2459" hits="0" branch="False" />
                <line number="2460" hits="0" branch="False" />
                <line number="2461" hits="0" branch="False" />
                <line number="2462" hits="0" branch="False" />
                <line number="2463" hits="0" branch="False" />
                <line number="2464" hits="0" branch="False" />
                <line number="2465" hits="0" branch="False" />
                <line number="2466" hits="0" branch="False" />
                <line number="2467" hits="0" branch="False" />
                <line number="2468" hits="0" branch="False" />
                <line number="2469" hits="0" branch="False" />
                <line number="2470" hits="0" branch="False" />
                <line number="2471" hits="0" branch="False" />
                <line number="2472" hits="0" branch="False" />
                <line number="2473" hits="0" branch="False" />
                <line number="2474" hits="0" branch="False" />
                <line number="2475" hits="0" branch="False" />
                <line number="2476" hits="0" branch="False" />
                <line number="2477" hits="0" branch="False" />
                <line number="2478" hits="0" branch="False" />
                <line number="2479" hits="0" branch="False" />
                <line number="2480" hits="0" branch="False" />
                <line number="2481" hits="0" branch="False" />
                <line number="2482" hits="0" branch="False" />
                <line number="2483" hits="0" branch="False" />
                <line number="2484" hits="0" branch="False" />
                <line number="2485" hits="0" branch="False" />
                <line number="2486" hits="0" branch="False" />
                <line number="2487" hits="0" branch="False" />
                <line number="2488" hits="0" branch="False" />
                <line number="2489" hits="0" branch="False" />
                <line number="2490" hits="0" branch="False" />
                <line number="2491" hits="0" branch="False" />
                <line number="2492" hits="0" branch="False" />
                <line number="2493" hits="0" branch="False" />
                <line number="2494" hits="0" branch="False" />
                <line number="2495" hits="0" branch="False" />
                <line number="2496" hits="0" branch="False" />
                <line number="2497" hits="0" branch="False" />
                <line number="2498" hits="0" branch="False" />
                <line number="2499" hits="0" branch="False" />
                <line number="2500" hits="0" branch="False" />
                <line number="2501" hits="0" branch="False" />
                <line number="2502" hits="0" branch="False" />
                <line number="2503" hits="0" branch="False" />
                <line number="2504" hits="0" branch="False" />
                <line number="2505" hits="0" branch="False" />
                <line number="2506" hits="0" branch="False" />
                <line number="2507" hits="0" branch="False" />
                <line number="2508" hits="0" branch="False" />
                <line number="2509" hits="0" branch="False" />
                <line number="2510" hits="0" branch="False" />
                <line number="2511" hits="0" branch="False" />
                <line number="2512" hits="0" branch="False" />
                <line number="2513" hits="0" branch="False" />
                <line number="2514" hits="0" branch="False" />
                <line number="2515" hits="0" branch="False" />
                <line number="2516" hits="0" branch="False" />
                <line number="2517" hits="0" branch="False" />
                <line number="2518" hits="0" branch="False" />
                <line number="2519" hits="0" branch="False" />
                <line number="2520" hits="0" branch="False" />
                <line number="2521" hits="0" branch="False" />
                <line number="2522" hits="0" branch="False" />
                <line number="2523" hits="0" branch="False" />
                <line number="2524" hits="0" branch="False" />
                <line number="2525" hits="0" branch="False" />
                <line number="2526" hits="0" branch="False" />
                <line number="2527" hits="0" branch="False" />
                <line number="2528" hits="0" branch="False" />
                <line number="2529" hits="0" branch="False" />
                <line number="2530" hits="0" branch="False" />
                <line number="2531" hits="0" branch="False" />
                <line number="2532" hits="0" branch="False" />
                <line number="2533" hits="0" branch="False" />
                <line number="2534" hits="0" branch="False" />
                <line number="2535" hits="0" branch="False" />
                <line number="4519" hits="0" branch="False" />
                <line number="4520" hits="0" branch="False" />
                <line number="4521" hits="0" branch="False" />
                <line number="4522" hits="0" branch="False" />
                <line number="4523" hits="0" branch="False" />
                <line number="5280" hits="0" branch="True" condition-coverage="0% (0/2)">
                  <conditions>
                    <condition number="643" type="jump" coverage="0%" />
                  </conditions>
                </line>
                <line number="5281" hits="0" branch="False" />
                <line number="5282" hits="0" branch="True" condition-coverage="0% (0/2)">
                  <conditions>
                    <condition number="664" type="jump" coverage="0%" />
                  </conditions>
                </line>
                <line number="5283" hits="0" branch="False" />
                <line number="5284" hits="0" branch="True" condition-coverage="0% (0/2)">
                  <conditions>
                    <condition number="688" type="jump" coverage="0%" />
                  </conditions>
                </line>
                <line number="5285" hits="0" branch="False" />
                <line number="5286" hits="0" branch="True" condition-coverage="0% (0/2)">
                  <conditions>
                    <condition number="712" type="jump" coverage="0%" />
                  </conditions>
                </line>
                <line number="5287" hits="0" branch="False" />
              </lines>
            </method>
          </methods>
          <lines>
            <line number="53" hits="0" branch="False" />
            <line number="54" hits="0" branch="False" />
            <line number="55" hits="0" branch="False" />
            <line number="734" hits="0" branch="False" />
            <line number="735" hits="0" branch="False" />
            <line number="737" hits="0" branch="False" />
            <line number="738" hits="0" branch="False" />
            <line number="739" hits="0" branch="False" />
            <line number="740" hits="0" branch="False" />
            <line number="741" hits="0" branch="False" />
            <line number="742" hits="0" branch="False" />
            <line number="743" hits="0" branch="False" />
            <line number="744" hits="0" branch="False" />
            <line number="746" hits="0" branch="False" />
            <line number="747" hits="0" branch="True" condition-coverage="0% (0/2)">
              <conditions>
                <condition number="234" type="jump" coverage="0%" />
              </conditions>
            </line>
            <line number="748" hits="0" branch="False" />
            <line number="749" hits="0" branch="False" />
            <line number="750" hits="0" branch="False" />
            <line number="751" hits="0" branch="False" />
            <line number="752" hits="0" branch="False" />
            <line number="753" hits="0" branch="False" />
            <line number="754" hits="0" branch="False" />
            <line number="755" hits="0" branch="False" />
            <line number="757" hits="0" branch="True" condition-coverage="0% (0/2)">
              <conditions>
                <condition number="251" type="jump" coverage="0%" />
              </conditions>
            </line>
            <line number="758" hits="0" branch="False" />
            <line number="759" hits="0" branch="False" />
            <line number="760" hits="0" branch="False" />
            <line number="761" hits="0" branch="False" />
            <line number="764" hits="0" branch="False" />
            <line number="765" hits="0" branch="False" />
            <line number="766" hits="0" branch="False" />
            <line number="767" hits="0" branch="False" />
            <line number="768" hits="0" branch="False" />
            <line number="770" hits="0" branch="False" />
            <line number="771" hits="0" branch="True" condition-coverage="0% (0/2)">
              <conditions>
                <condition number="403" type="jump" coverage="0%" />
              </conditions>
            </line>
            <line number="772" hits="0" branch="False" />
            <line number="773" hits="0" branch="False" />
            <line number="774" hits="0" branch="False" />
            <line number="775" hits="0" branch="False" />
            <line number="776" hits="0" branch="False" />
            <line number="778" hits="0" branch="False" />
            <line number="779" hits="0" branch="False" />
            <line number="838" hits="0" branch="False" />
            <line number="839" hits="0" branch="False" />
            <line number="840" hits="0" branch="False" />
            <line number="841" hits="0" branch="False" />
            <line number="842" hits="0" branch="False" />
            <line number="854" hits="0" branch="False" />
            <line number="855" hits="0" branch="False" />
            <line number="856" hits="0" branch="False" />
            <line number="866" hits="0" branch="False" />
            <line number="867" hits="0" branch="False" />
            <line number="868" hits="0" branch="False" />
            <line number="1023" hits="0" branch="False" />
            <line number="1024" hits="0" branch="False" />
            <line number="1025" hits="0" branch="False" />
            <line number="1028" hits="0" branch="False" />
            <line number="1029" hits="0" branch="False" />
            <line number="1030" hits="0" branch="False" />
            <line number="1033" hits="0" branch="False" />
            <line number="1034" hits="0" branch="False" />
            <line number="1035" hits="0" branch="False" />
            <line number="1038" hits="0" branch="False" />
            <line number="1039" hits="0" branch="False" />
            <line number="1040" hits="0" branch="False" />
            <line number="2153" hits="0" branch="False" />
            <line number="2154" hits="0" branch="False" />
            <line number="2155" hits="0" branch="False" />
            <line number="2163" hits="0" branch="False" />
            <line number="2164" hits="0" branch="False" />
            <line number="2165" hits="0" branch="False" />
            <line number="2166" hits="0" branch="False" />
            <line number="2167" hits="0" branch="False" />
            <line number="2168" hits="0" branch="False" />
            <line number="2169" hits="0" branch="False" />
            <line number="2170" hits="0" branch="False" />
            <line number="2171" hits="0" branch="False" />
            <line number="2172" hits="0" branch="False" />
            <line number="2175" hits="0" branch="False" />
            <line number="2176" hits="0" branch="False" />
            <line number="2177" hits="0" branch="False" />
            <line number="2180" hits="0" branch="False" />
            <line number="2181" hits="0" branch="False" />
            <line number="2182" hits="0" branch="False" />
            <line number="2185" hits="0" branch="False" />
            <line number="2186" hits="0" branch="False" />
            <line number="2187" hits="0" branch="False" />
            <line number="2190" hits="0" branch="False" />
            <line number="2191" hits="0" branch="False" />
            <line number="2192" hits="0" branch="False" />
            <line number="2195" hits="0" branch="False" />
            <line number="2196" hits="0" branch="False" />
            <line number="2197" hits="0" branch="False" />
            <line number="2200" hits="0" branch="False" />
            <line number="2201" hits="0" branch="True" condition-coverage="0% (0/2)">
              <conditions>
                <condition number="9" type="jump" coverage="0%" />
              </conditions>
            </line>
            <line number="2202" hits="0" branch="False" />
            <line number="2203" hits="0" branch="True" condition-coverage="0% (0/6)">
              <conditions>
                <condition number="18" type="jump" coverage="0%" />
                <condition number="26" type="jump" coverage="0%" />
                <condition number="41" type="jump" coverage="0%" />
              </conditions>
            </line>
            <line number="2204" hits="0" branch="False" />
            <line number="2205" hits="0" branch="False" />
            <line number="2206" hits="0" branch="False" />
            <line number="2207" hits="0" branch="False" />
            <line number="2209" hits="0" branch="False" />
            <line number="2211" hits="0" branch="False" />
            <line number="2212" hits="0" branch="False" />
            <line number="2215" hits="0" branch="False" />
            <line number="2216" hits="0" branch="True" condition-coverage="0% (0/2)">
              <conditions>
                <condition number="9" type="jump" coverage="0%" />
              </conditions>
            </line>
            <line number="2217" hits="0" branch="False" />
            <line number="2218" hits="0" branch="False" />
            <line number="2220" hits="0" branch="False" />
            <line number="2221" hits="0" branch="False" />
            <line number="2222" hits="0" branch="True" condition-coverage="0% (0/4)">
              <conditions>
                <condition number="25" type="jump" coverage="0%" />
                <condition number="29" type="jump" coverage="0%" />
              </conditions>
            </line>
            <line number="2223" hits="0" branch="False" />
            <line number="2224" hits="0" branch="False" />
            <line number="2225" hits="0" branch="False" />
            <line number="2226" hits="0" branch="False" />
            <line number="2227" hits="0" branch="False" />
            <line number="2230" hits="0" branch="False" />
            <line number="2231" hits="0" branch="True" condition-coverage="0% (0/2)">
              <conditions>
                <condition number="9" type="jump" coverage="0%" />
              </conditions>
            </line>
            <line number="2232" hits="0" branch="False" />
            <line number="2233" hits="0" branch="False" />
            <line number="2235" hits="0" branch="False" />
            <line number="2236" hits="0" branch="False" />
            <line number="2237" hits="0" branch="True" condition-coverage="0% (0/6)">
              <conditions>
                <condition number="25" type="jump" coverage="0%" />
                <condition number="29" type="jump" coverage="0%" />
                <condition number="33" type="jump" coverage="0%" />
              </conditions>
            </line>
            <line number="2238" hits="0" branch="False" />
            <line number="2239" hits="0" branch="False" />
            <line number="2240" hits="0" branch="False" />
            <line number="2241" hits="0" branch="False" />
            <line number="2242" hits="0" branch="False" />
            <line number="2243" hits="0" branch="False" />
            <line number="2246" hits="0" branch="False" />
            <line number="2247" hits="0" branch="True" condition-coverage="0% (0/2)">
              <conditions>
                <condition number="2" type="jump" coverage="0%" />
              </conditions>
            </line>
            <line number="2248" hits="0" branch="False" />
            <line number="2778" hits="0" branch="False" />
            <line number="2780" hits="0" branch="False" />
            <line number="2781" hits="0" branch="False" />
            <line number="2782" hits="0" branch="False" />
            <line number="2783" hits="0" branch="False" />
            <line number="2784" hits="0" branch="False" />
            <line number="2785" hits="0" branch="False" />
            <line number="3010" hits="0" branch="False" />
            <line number="3011" hits="0" branch="False" />
            <line number="3012" hits="0" branch="False" />
            <line number="3013" hits="0" branch="False" />
            <line number="3047" hits="0" branch="False" />
            <line number="3048" hits="0" branch="False" />
            <line number="3049" hits="0" branch="False" />
            <line number="3050" hits="0" branch="False" />
            <line number="3716" hits="0" branch="False" />
            <line number="3717" hits="0" branch="False" />
            <line number="3718" hits="0" branch="False" />
            <line number="4006" hits="0" branch="False" />
            <line number="4007" hits="0" branch="False" />
            <line number="4008" hits="0" branch="False" />
            <line number="4509" hits="0" branch="False" />
            <line number="4511" hits="0" branch="False" />
            <line number="4512" hits="0" branch="False" />
            <line number="4773" hits="0" branch="False" />
            <line number="4774" hits="0" branch="False" />
            <line number="4775" hits="0" branch="False" />
            <line number="4776" hits="0" branch="False" />
            <line number="5231" hits="0" branch="False" />
            <line number="5232" hits="0" branch="False" />
            <line number="5233" hits="0" branch="False" />
            <line number="5236" hits="0" branch="False" />
            <line number="5237" hits="0" branch="False" />
            <line number="5238" hits="0" branch="False" />
            <line number="5241" hits="0" branch="False" />
            <line number="5242" hits="0" branch="False" />
            <line number="5243" hits="0" branch="False" />
            <line number="5246" hits="0" branch="False" />
            <line number="5247" hits="0" branch="False" />
            <line number="5248" hits="0" branch="False" />
            <line number="5251" hits="0" branch="False" />
            <line number="5252" hits="0" branch="False" />
            <line number="5253" hits="0" branch="False" />
            <line number="5256" hits="0" branch="False" />
            <line number="5257" hits="0" branch="False" />
            <line number="5258" hits="0" branch="False" />
            <line number="5261" hits="0" branch="False" />
            <line number="5262" hits="0" branch="False" />
            <line number="5263" hits="0" branch="False" />
            <line number="5397" hits="0" branch="False" />
            <line number="5399" hits="0" branch="False" />
            <line number="5400" hits="0" branch="False" />
            <line number="5401" hits="0" branch="False" />
            <line number="5402" hits="0" branch="False" />
            <line number="5403" hits="0" branch="False" />
            <line number="5404" hits="0" branch="False" />
            <line number="5405" hits="0" branch="False" />
            <line number="5406" hits="0" branch="False" />
            <line number="5407" hits="0" branch="False" />
            <line number="5408" hits="0" branch="False" />
            <line number="5409" hits="0" branch="False" />
            <line number="5410" hits="0" branch="False" />
            <line number="5411" hits="0" branch="False" />
            <line number="5412" hits="0" branch="False" />
            <line number="5489" hits="0" branch="False" />
            <line number="5490" hits="0" branch="False" />
            <line number="5491" hits="0" branch="False" />
            <line number="811" hits="0" branch="False" />
            <line number="812" hits="0" branch="False" />
            <line number="813" hits="0" branch="False" />
            <line number="814" hits="0" branch="False" />
            <line number="815" hits="0" branch="False" />
            <line number="2305" hits="0" branch="False" />
            <line number="2306" hits="0" branch="False" />
            <line number="2307" hits="0" branch="False" />
            <line number="2308" hits="0" branch="False" />
            <line number="2309" hits="0" branch="False" />
            <line number="2310" hits="0" branch="False" />
            <line number="2311" hits="0" branch="False" />
            <line number="2312" hits="0" branch="False" />
            <line number="2313" hits="0" branch="False" />
            <line number="2314" hits="0" branch="False" />
            <line number="2315" hits="0" branch="False" />
            <line number="2316" hits="0" branch="False" />
            <line number="2317" hits="0" branch="False" />
            <line number="2318" hits="0" branch="False" />
            <line number="2319" hits="0" branch="False" />
            <line number="2320" hits="0" branch="False" />
            <line number="2321" hits="0" branch="False" />
            <line number="2322" hits="0" branch="False" />
            <line number="2323" hits="0" branch="False" />
            <line number="2324" hits="0" branch="False" />
            <line number="2325" hits="0" branch="False" />
            <line number="2326" hits="0" branch="False" />
            <line number="2327" hits="0" branch="False" />
            <line number="2328" hits="0" branch="False" />
            <line number="2329" hits="0" branch="False" />
            <line number="2330" hits="0" branch="False" />
            <line number="2331" hits="0" branch="False" />
            <line number="2332" hits="0" branch="False" />
            <line number="2333" hits="0" branch="False" />
            <line number="2334" hits="0" branch="False" />
            <line number="2335" hits="0" branch="False" />
            <line number="2336" hits="0" branch="False" />
            <line number="2337" hits="0" branch="False" />
            <line number="2338" hits="0" branch="False" />
            <line number="2339" hits="0" branch="False" />
            <line number="2340" hits="0" branch="False" />
            <line number="2341" hits="0" branch="False" />
            <line number="2342" hits="0" branch="False" />
            <line number="2343" hits="0" branch="False" />
            <line number="2344" hits="0" branch="False" />
            <line number="2345" hits="0" branch="False" />
            <line number="2346" hits="0" branch="False" />
            <line number="2347" hits="0" branch="False" />
            <line number="2348" hits="0" branch="False" />
            <line number="2349" hits="0" branch="False" />
            <line number="2350" hits="0" branch="False" />
            <line number="2351" hits="0" branch="False" />
            <line number="2352" hits="0" branch="False" />
            <line number="2353" hits="0" branch="False" />
            <line number="2354" hits="0" branch="False" />
            <line number="2355" hits="0" branch="False" />
            <line number="2356" hits="0" branch="False" />
            <line number="2357" hits="0" branch="False" />
            <line number="2358" hits="0" branch="False" />
            <line number="2359" hits="0" branch="False" />
            <line number="2360" hits="0" branch="False" />
            <line number="2361" hits="0" branch="False" />
            <line number="2362" hits="0" branch="False" />
            <line number="2363" hits="0" branch="False" />
            <line number="2364" hits="0" branch="False" />
            <line number="2365" hits="0" branch="False" />
            <line number="2366" hits="0" branch="False" />
            <line number="2367" hits="0" branch="False" />
            <line number="2368" hits="0" branch="False" />
            <line number="2369" hits="0" branch="False" />
            <line number="2370" hits="0" branch="False" />
            <line number="2371" hits="0" branch="False" />
            <line number="2372" hits="0" branch="False" />
            <line number="2373" hits="0" branch="False" />
            <line number="2374" hits="0" branch="False" />
            <line number="2375" hits="0" branch="False" />
            <line number="2376" hits="0" branch="False" />
            <line number="2377" hits="0" branch="False" />
            <line number="2378" hits="0" branch="False" />
            <line number="2379" hits="0" branch="False" />
            <line number="2380" hits="0" branch="False" />
            <line number="2381" hits="0" branch="False" />
            <line number="2382" hits="0" branch="False" />
            <line number="2383" hits="0" branch="False" />
            <line number="2384" hits="0" branch="False" />
            <line number="2385" hits="0" branch="False" />
            <line number="2386" hits="0" branch="False" />
            <line number="2387" hits="0" branch="False" />
            <line number="2388" hits="0" branch="False" />
            <line number="2389" hits="0" branch="False" />
            <line number="2390" hits="0" branch="False" />
            <line number="2391" hits="0" branch="False" />
            <line number="2392" hits="0" branch="False" />
            <line number="2393" hits="0" branch="False" />
            <line number="2394" hits="0" branch="False" />
            <line number="2395" hits="0" branch="False" />
            <line number="2396" hits="0" branch="False" />
            <line number="2397" hits="0" branch="False" />
            <line number="2398" hits="0" branch="False" />
            <line number="2399" hits="0" branch="False" />
            <line number="2400" hits="0" branch="False" />
            <line number="2401" hits="0" branch="False" />
            <line number="2402" hits="0" branch="False" />
            <line number="2403" hits="0" branch="False" />
            <line number="2404" hits="0" branch="False" />
            <line number="2405" hits="0" branch="False" />
            <line number="2406" hits="0" branch="False" />
            <line number="2407" hits="0" branch="False" />
            <line number="2408" hits="0" branch="False" />
            <line number="2409" hits="0" branch="False" />
            <line number="2410" hits="0" branch="False" />
            <line number="2411" hits="0" branch="False" />
            <line number="2412" hits="0" branch="False" />
            <line number="2413" hits="0" branch="False" />
            <line number="2414" hits="0" branch="False" />
            <line number="2415" hits="0" branch="False" />
            <line number="2416" hits="0" branch="False" />
            <line number="2417" hits="0" branch="False" />
            <line number="2418" hits="0" branch="False" />
            <line number="2419" hits="0" branch="False" />
            <line number="2420" hits="0" branch="False" />
            <line number="2421" hits="0" branch="False" />
            <line number="2422" hits="0" branch="False" />
            <line number="2423" hits="0" branch="False" />
            <line number="2424" hits="0" branch="False" />
            <line number="2425" hits="0" branch="False" />
            <line number="2426" hits="0" branch="False" />
            <line number="2427" hits="0" branch="False" />
            <line number="2428" hits="0" branch="False" />
            <line number="2429" hits="0" branch="False" />
            <line number="2430" hits="0" branch="False" />
            <line number="2431" hits="0" branch="False" />
            <line number="2432" hits="0" branch="False" />
            <line number="2433" hits="0" branch="False" />
            <line number="2434" hits="0" branch="False" />
            <line number="2435" hits="0" branch="False" />
            <line number="2436" hits="0" branch="False" />
            <line number="2437" hits="0" branch="False" />
            <line number="2438" hits="0" branch="False" />
            <line number="2439" hits="0" branch="False" />
            <line number="2440" hits="0" branch="False" />
            <line number="2441" hits="0" branch="False" />
            <line number="2442" hits="0" branch="False" />
            <line number="2443" hits="0" branch="False" />
            <line number="2444" hits="0" branch="False" />
            <line number="2445" hits="0" branch="False" />
            <line number="2446" hits="0" branch="False" />
            <line number="2447" hits="0" branch="False" />
            <line number="2448" hits="0" branch="False" />
            <line number="2449" hits="0" branch="False" />
            <line number="2450" hits="0" branch="False" />
            <line number="2451" hits="0" branch="False" />
            <line number="2452" hits="0" branch="False" />
            <line number="2453" hits="0" branch="False" />
            <line number="2454" hits="0" branch="False" />
            <line number="2455" hits="0" branch="False" />
            <line number="2456" hits="0" branch="False" />
            <line number="2457" hits="0" branch="False" />
            <line number="2458" hits="0" branch="False" />
            <line number="2459" hits="0" branch="False" />
            <line number="2460" hits="0" branch="False" />
            <line number="2461" hits="0" branch="False" />
            <line number="2462" hits="0" branch="False" />
            <line number="2463" hits="0" branch="False" />
            <line number="2464" hits="0" branch="False" />
            <line number="2465" hits="0" branch="False" />
            <line number="2466" hits="0" branch="False" />
            <line number="2467" hits="0" branch="False" />
            <line number="2468" hits="0" branch="False" />
            <line number="2469" hits="0" branch="False" />
            <line number="2470" hits="0" branch="False" />
            <line number="2471" hits="0" branch="False" />
            <line number="2472" hits="0" branch="False" />
            <line number="2473" hits="0" branch="False" />
            <line number="2474" hits="0" branch="False" />
            <line number="2475" hits="0" branch="False" />
            <line number="2476" hits="0" branch="False" />
            <line number="2477" hits="0" branch="False" />
            <line number="2478" hits="0" branch="False" />
            <line number="2479" hits="0" branch="False" />
            <line number="2480" hits="0" branch="False" />
            <line number="2481" hits="0" branch="False" />
            <line number="2482" hits="0" branch="False" />
            <line number="2483" hits="0" branch="False" />
            <line number="2484" hits="0" branch="False" />
            <line number="2485" hits="0" branch="False" />
            <line number="2486" hits="0" branch="False" />
            <line number="2487" hits="0" branch="False" />
            <line number="2488" hits="0" branch="False" />
            <line number="2489" hits="0" branch="False" />
            <line number="2490" hits="0" branch="False" />
            <line number="2491" hits="0" branch="False" />
            <line number="2492" hits="0" branch="False" />
            <line number="2493" hits="0" branch="False" />
            <line number="2494" hits="0" branch="False" />
            <line number="2495" hits="0" branch="False" />
            <line number="2496" hits="0" branch="False" />
            <line number="2497" hits="0" branch="False" />
            <line number="2498" hits="0" branch="False" />
            <line number="2499" hits="0" branch="False" />
            <line number="2500" hits="0" branch="False" />
            <line number="2501" hits="0" branch="False" />
            <line number="2502" hits="0" branch="False" />
            <line number="2503" hits="0" branch="False" />
            <line number="2504" hits="0" branch="False" />
            <line number="2505" hits="0" branch="False" />
            <line number="2506" hits="0" branch="False" />
            <line number="2507" hits="0" branch="False" />
            <line number="2508" hits="0" branch="False" />
            <line number="2509" hits="0" branch="False" />
            <line number="2510" hits="0" branch="False" />
            <line number="2511" hits="0" branch="False" />
            <line number="2512" hits="0" branch="False" />
            <line number="2513" hits="0" branch="False" />
            <line number="2514" hits="0" branch="False" />
            <line number="2515" hits="0" branch="False" />
            <line number="2516" hits="0" branch="False" />
            <line number="2517" hits="0" branch="False" />
            <line number="2518" hits="0" branch="False" />
            <line number="2519" hits="0" branch="False" />
            <line number="2520" hits="0" branch="False" />
            <line number="2521" hits="0" branch="False" />
            <line number="2522" hits="0" branch="False" />
            <line number="2523" hits="0" branch="False" />
            <line number="2524" hits="0" branch="False" />
            <line number="2525" hits="0" branch="False" />
            <line number="2526" hits="0" branch="False" />
            <line number="2527" hits="0" branch="False" />
            <line number="2528" hits="0" branch="False" />
            <line number="2529" hits="0" branch="False" />
            <line number="2530" hits="0" branch="False" />
            <line number="2531" hits="0" branch="False" />
            <line number="2532" hits="0" branch="False" />
            <line number="2533" hits="0" branch="False" />
            <line number="2534" hits="0" branch="False" />
            <line number="2535" hits="0" branch="False" />
            <line number="4519" hits="0" branch="False" />
            <line number="4520" hits="0" branch="False" />
            <line number="4521" hits="0" branch="False" />
            <line number="4522" hits="0" branch="False" />
            <line number="4523" hits="0" branch="False" />
            <line number="5280" hits="0" branch="True" condition-coverage="0% (0/2)">
              <conditions>
                <condition number="643" type="jump" coverage="0%" />
              </conditions>
            </line>
            <line number="5281" hits="0" branch="False" />
            <line number="5282" hits="0" branch="True" condition-coverage="0% (0/2)">
              <conditions>
                <condition number="664" type="jump" coverage="0%" />
              </conditions>
            </line>
            <line number="5283" hits="0" branch="False" />
            <line number="5284" hits="0" branch="True" condition-coverage="0% (0/2)">
              <conditions>
                <condition number="688" type="jump" coverage="0%" />
              </conditions>
            </line>
            <line number="5285" hits="0" branch="False" />
            <line number="5286" hits="0" branch="True" condition-coverage="0% (0/2)">
              <conditions>
                <condition number="712" type="jump" coverage="0%" />
              </conditions>
            </line>
            <line number="5287" hits="0" branch="False" />
          </lines>
        </class>
        <class name="SDL2.SDL_image" filename="External\SDL2\SDL2_image.cs" line-rate="0" branch-rate="1" complexity="2">
          <methods>
            <method name="SDL_IMAGE_VERSION" signature="(SDL2.SDL/SDL_version&amp;)" line-rate="0" branch-rate="1" complexity="1">
              <lines>
                <line number="65" hits="0" branch="False" />
                <line number="66" hits="0" branch="False" />
                <line number="67" hits="0" branch="False" />
                <line number="68" hits="0" branch="False" />
                <line number="69" hits="0" branch="False" />
              </lines>
            </method>
            <method name="IMG_LinkedVersion" signature="()" line-rate="0" branch-rate="1" complexity="1">
              <lines>
                <line number="74" hits="0" branch="False" />
                <line number="76" hits="0" branch="False" />
                <line number="77" hits="0" branch="False" />
                <line number="78" hits="0" branch="False" />
                <line number="79" hits="0" branch="False" />
                <line number="80" hits="0" branch="False" />
                <line number="81" hits="0" branch="False" />
                <line number="82" hits="0" branch="False" />
              </lines>
            </method>
          </methods>
          <lines>
            <line number="65" hits="0" branch="False" />
            <line number="66" hits="0" branch="False" />
            <line number="67" hits="0" branch="False" />
            <line number="68" hits="0" branch="False" />
            <line number="69" hits="0" branch="False" />
            <line number="74" hits="0" branch="False" />
            <line number="76" hits="0" branch="False" />
            <line number="77" hits="0" branch="False" />
            <line number="78" hits="0" branch="False" />
            <line number="79" hits="0" branch="False" />
            <line number="80" hits="0" branch="False" />
            <line number="81" hits="0" branch="False" />
            <line number="82" hits="0" branch="False" />
          </lines>
        </class>
        <class name="SDL2.SDL_mixer" filename="External\SDL2\SDL2_mixer.cs" line-rate="0" branch-rate="0" complexity="7">
          <methods>
[...]
                <line number="107" hits="0" branch="False" />
                <line number="108" hits="0" branch="False" />
              </lines>
            </method>
            <method name="SetMasterVolume" signature="(System.Single)" line-rate="0" branch-rate="0" complexity="4">
              <lines>
                <line number="111" hits="0" branch="False" />
                <line number="112" hits="0" branch="True" condition-coverage="0% (0/4)">
                  <conditions>
                    <condition number="8" type="jump" coverage="0%" />
                    <condition number="16" type="jump" coverage="0%" />
                  </conditions>
                </line>
                <line number="113" hits="0" branch="False" />
                <line number="114" hits="0" branch="False" />
              </lines>
            </method>
            <method name="Update" signature="()" line-rate="0" branch-rate="0" complexity="6">
              <lines>
                <line number="117" hits="0" branch="False" />
                <line number="118" hits="0" branch="True" condition-coverage="0% (0/2)">
                  <conditions>
                    <condition number="135" type="jump" coverage="0%" />
                  </conditions>
                </line>
                <line number="119" hits="0" branch="False" />
                <line number="120" hits="0" branch="False" />
                <line number="121" hits="0" branch="True" condition-coverage="0% (0/4)">
                  <conditions>
                    <condition number="54" type="jump" coverage="0%" />
                    <condition number="81" type="jump" coverage="0%" />
                  </conditions>
                </line>
                <line number="122" hits="0" branch="False" />
                <line number="123" hits="0" branch="False" />
                <line number="124" hits="0" branch="False" />
                <line number="125" hits="0" branch="False" />
                <line number="126" hits="0" branch="False" />
                <line number="127" hits="0" branch="False" />
              </lines>
            </method>
            <method name="Dispose" signature="()" line-rate="0" branch-rate="0" complexity="2">
              <lines>
                <line number="130" hits="0" branch="False" />
                <line number="131" hits="0" branch="False" />
                <line number="132" hits="0" branch="True" condition-coverage="0% (0/2)">
                  <conditions>
                    <condition number="50" type="jump" coverage="0%" />
                  </conditions>
                </line>
                <line number="133" hits="0" branch="False" />
                <line number="134" hits="0" branch="False" />
                <line number="135" hits="0" branch="False" />
                <line number="136" hits="0" branch="False" />
                <line number="137" hits="0" branch="False" />
              </lines>
            </method>
            <method name="GetAlFormat" signature="(System.Int32,System.Int32)" line-rate="0" branch-rate="0" complexity="6">
              <lines>
                <line number="140" hits="0" branch="False" />
                <line number="141" hits="0" branch="True" condition-coverage="0% (0/2)">
                  <conditions>
                    <condition number="7" type="jump" coverage="0%" />
                  </conditions>
                </line>
                <line number="142" hits="0" branch="False" />
                <line number="143" hits="0" branch="True" condition-coverage="0% (0/2)">
                  <conditions>
                    <condition number="13" type="jump" coverage="0%" />
                  </conditions>
                </line>
                <line number="144" hits="0" branch="True" condition-coverage="0% (0/2)">
                  <conditions>
                    <condition number="32" type="jump" coverage="0%" />
                  </conditions>
                </line>
                <line number="145" hits="0" branch="False" />
                <line number="146" hits="0" branch="False" />
              </lines>
            </method>
            <method name="LoadWav" signature="(System.String)" line-rate="0" branch-rate="0" complexity="14">
              <lines>
                <line number="149" hits="0" branch="False" />
                <line number="150" hits="0" branch="False" />
                <line number="151" hits="0" branch="False" />
                <line number="154" hits="0" branch="False" />
                <line number="155" hits="0" branch="True" condition-coverage="0% (0/2)">
                  <conditions>
                    <condition number="43" type="jump" coverage="0%" />
                  </conditions>
                </line>
                <line number="156" hits="0" branch="False" />
                <line number="158" hits="0" branch="False" />
                <line number="159" hits="0" branch="False" />
                <line number="160" hits="0" branch="True" condition-coverage="0% (0/2)">
                  <conditions>
                    <condition number="91" type="jump" coverage="0%" />
                  </conditions>
                </line>
                <line number="161" hits="0" branch="False" />
                <line number="163" hits="0" branch="False" />
                <line number="164" hits="0" branch="False" />
                <line number="166" hits="0" branch="True" condition-coverage="0% (0/2)">
                  <conditions>
                    <condition number="305" type="jump" coverage="0%" />
                  </conditions>
                </line>
                <line number="167" hits="0" branch="False" />
                <line number="168" hits="0" branch="False" />
                <line number="169" hits="0" branch="False" />
                <line number="170" hits="0" branch="False" />
                <line number="172" hits="0" branch="True" condition-coverage="0% (0/2)">
                  <conditions>
                    <condition number="168" type="jump" coverage="0%" />
                  </conditions>
                </line>
                <line number="173" hits="0" branch="False" />
                <line number="174" hits="0" branch="False" />
                <line number="175" hits="0" branch="False" />
                <line number="176" hits="0" branch="False" />
                <line number="177" hits="0" branch="False" />
                <line number="178" hits="0" branch="False" />
                <line number="179" hits="0" branch="False" />
                <line number="181" hits="0" branch="True" condition-coverage="0% (0/2)">
                  <conditions>
                    <condition number="226" type="jump" coverage="0%" />
                  </conditions>
                </line>
                <line number="182" hits="0" branch="False" />
                <line number="183" hits="0" branch="False" />
                <line number="184" hits="0" branch="True" condition-coverage="0% (0/2)">
                  <conditions>
                    <condition number="259" type="jump" coverage="0%" />
                  </conditions>
                </line>
                <line number="185" hits="0" branch="False" />
                <line number="186" hits="0" branch="False" />
                <line number="187" hits="0" branch="False" />
                <line number="189" hits="0" branch="False" />
                <line number="190" hits="0" branch="False" />
                <line number="191" hits="0" branch="False" />
                <line number="192" hits="0" branch="False" />
                <line number="194" hits="0" branch="True" condition-coverage="0% (0/2)">
                  <conditions>
                    <condition number="320" type="jump" coverage="0%" />
                  </conditions>
                </line>
                <line number="195" hits="0" branch="False" />
                <line number="197" hits="0" branch="False" />
                <line number="198" hits="0" branch="False" />
              </lines>
            </method>
            <method name=".ctor" signature="()" line-rate="0" branch-rate="1" complexity="1">
              <lines>
                <line number="10" hits="0" branch="False" />
                <line number="11" hits="0" branch="False" />
                <line number="12" hits="0" branch="False" />
              </lines>
            </method>
          </methods>
          <lines>
            <line number="22" hits="0" branch="False" />
            <line number="23" hits="0" branch="False" />
            <line number="24" hits="0" branch="True" condition-coverage="0% (0/2)">
              <conditions>
                <condition number="33" type="jump" coverage="0%" />
              </conditions>
            </line>
            <line number="25" hits="0" branch="False" />
            <line number="26" hits="0" branch="False" />
            <line number="27" hits="0" branch="False" />
            <line number="30" hits="0" branch="False" />
            <line number="31" hits="0" branch="False" />
            <line number="33" hits="0" branch="False" />
            <line number="34" hits="0" branch="False" />
            <line number="37" hits="0" branch="False" />
            <line number="38" hits="0" branch="True" condition-coverage="0% (0/2)">
              <conditions>
                <condition number="17" type="jump" coverage="0%" />
              </conditions>
            </line>
            <line number="39" hits="0" branch="False" />
            <line number="40" hits="0" branch="False" />
            <line number="41" hits="0" branch="False" />
            <line number="44" hits="0" branch="False" />
            <line number="46" hits="0" branch="False" />
            <line number="47" hits="0" branch="False" />
            <line number="49" hits="0" branch="False" />
            <line number="50" hits="0" branch="False" />
            <line number="51" hits="0" branch="False" />
            <line number="52" hits="0" branch="False" />
            <line number="53" hits="0" branch="False" />
            <line number="56" hits="0" branch="False" />
            <line number="57" hits="0" branch="False" />
            <line number="58" hits="0" branch="False" />
            <line number="61" hits="0" branch="False" />
            <line number="62" hits="0" branch="False" />
            <line number="63" hits="0" branch="False" />
            <line number="66" hits="0" branch="False" />
            <line number="67" hits="0" branch="False" />
            <line number="68" hits="0" branch="False" />
            <line number="71" hits="0" branch="False" />
            <line number="72" hits="0" branch="True" condition-coverage="0% (0/2)">
              <conditions>
                <condition number="20" type="jump" coverage="0%" />
              </conditions>
            </line>
            <line number="73" hits="0" branch="False" />
            <line number="74" hits="0" branch="False" />
            <line number="75" hits="0" branch="False" />
            <line number="78" hits="0" branch="False" />
            <line number="80" hits="0" branch="False" />
            <line number="81" hits="0" branch="False" />
            <line number="82" hits="0" branch="False" />
            <line number="83" hits="0" branch="False" />
            <line number="84" hits="0" branch="False" />
            <line number="86" hits="0" branch="False" />
            <line number="87" hits="0" branch="False" />
            <line number="88" hits="0" branch="False" />
            <line number="91" hits="0" branch="False" />
            <line number="92" hits="0" branch="False" />
            <line number="93" hits="0" branch="False" />
            <line number="96" hits="0" branch="False" />
            <line number="97" hits="0" branch="False" />
            <line number="98" hits="0" branch="False" />
            <line number="101" hits="0" branch="False" />
            <line number="102" hits="0" branch="True" condition-coverage="0% (0/2)">
              <conditions>
                <condition number="57" type="jump" coverage="0%" />
              </conditions>
            </line>
            <line number="103" hits="0" branch="False" />
            <line number="104" hits="0" branch="False" />
            <line number="105" hits="0" branch="False" />
            <line number="106" hits="0" branch="False" />
            <line number="107" hits="0" branch="False" />
            <line number="108" hits="0" branch="False" />
            <line number="111" hits="0" branch="False" />
            <line number="112" hits="0" branch="True" condition-coverage="0% (0/4)">
              <conditions>
                <condition number="8" type="jump" coverage="0%" />
                <condition number="16" type="jump" coverage="0%" />
              </conditions>
            </line>
            <line number="113" hits="0" branch="False" />
            <line number="114" hits="0" branch="False" />
            <line number="117" hits="0" branch="False" />
            <line number="118" hits="0" branch="True" condition-coverage="0% (0/2)">
              <conditions>
                <condition number="135" type="jump" coverage="0%" />
              </conditions>
            </line>
            <line number="119" hits="0" branch="False" />
            <line number="120" hits="0" branch="False" />
            <line number="121" hits="0" branch="True" condition-coverage="0% (0/4)">
              <conditions>
                <condition number="54" type="jump" coverage="0%" />
                <condition number="81" type="jump" coverage="0%" />
              </conditions>
            </line>
            <line number="122" hits="0" branch="False" />
            <line number="123" hits="0" branch="False" />
            <line number="124" hits="0" branch="False" />
            <line number="125" hits="0" branch="False" />
            <line number="126" hits="0" branch="False" />
            <line number="127" hits="0" branch="False" />
            <line number="130" hits="0" branch="False" />
            <line number="131" hits="0" branch="False" />
            <line number="132" hits="0" branch="True" condition-coverage="0% (0/2)">
              <conditions>
                <condition number="50" type="jump" coverage="0%" />
              </conditions>
            </line>
            <line number="133" hits="0" branch="False" />
            <line number="134" hits="0" branch="False" />
            <line number="135" hits="0" branch="False" />
            <line number="136" hits="0" branch="False" />
            <line number="137" hits="0" branch="False" />
            <line number="140" hits="0" branch="False" />
            <line number="141" hits="0" branch="True" condition-coverage="0% (0/2)">
              <conditions>
                <condition number="7" type="jump" coverage="0%" />
              </conditions>
            </line>
            <line number="142" hits="0" branch="False" />
            <line number="143" hits="0" branch="True" condition-coverage="0% (0/2)">
              <conditions>
                <condition number="13" type="jump" coverage="0%" />
              </conditions>
            </line>
            <line number="144" hits="0" branch="True" condition-coverage="0% (0/2)">
              <conditions>
                <condition number="32" type="jump" coverage="0%" />
              </conditions>
            </line>
            <line number="145" hits="0" branch="False" />
            <line number="146" hits="0" branch="False" />
            <line number="149" hits="0" branch="False" />
            <line number="150" hits="0" branch="False" />
            <line number="151" hits="0" branch="False" />
            <line number="154" hits="0" branch="False" />
            <line number="155" hits="0" branch="True" condition-coverage="0% (0/2)">
              <conditions>
                <condition number="43" type="jump" coverage="0%" />
              </conditions>
            </line>
            <line number="156" hits="0" branch="False" />
            <line number="158" hits="0" branch="False" />
            <line number="159" hits="0" branch="False" />
            <line number="160" hits="0" branch="True" condition-coverage="0% (0/2)">
              <conditions>
                <condition number="91" type="jump" coverage="0%" />
              </conditions>
            </line>
            <line number="161" hits="0" branch="False" />
            <line number="163" hits="0" branch="False" />
            <line number="164" hits="0" branch="False" />
            <line number="166" hits="0" branch="True" condition-coverage="0% (0/2)">
              <conditions>
                <condition number="305" type="jump" coverage="0%" />
              </conditions>
            </line>
            <line number="167" hits="0" branch="False" />
            <line number="168" hits="0" branch="False" />
            <line number="169" hits="0" branch="False" />
            <line number="170" hits="0" branch="False" />
            <line number="172" hits="0" branch="True" condition-coverage="0% (0/2)">
              <conditions>
                <condition number="168" type="jump" coverage="0%" />
              </conditions>
            </line>
            <line number="173" hits="0" branch="False" />
            <line number="174" hits="0" branch="False" />
            <line number="175" hits="0" branch="False" />
            <line number="176" hits="0" branch="False" />
            <line number="177" hits="0" branch="False" />
            <line number="178" hits="0" branch="False" />
            <line number="179" hits="0" branch="False" />
            <line number="181" hits="0" branch="True" condition-coverage="0% (0/2)">
              <conditions>
                <condition number="226" type="jump" coverage="0%" />
              </conditions>
            </line>
            <line number="182" hits="0" branch="False" />
            <line number="183" hits="0" branch="False" />
            <line number="184" hits="0" branch="True" condition-coverage="0% (0/2)">
              <conditions>
                <condition number="259" type="jump" coverage="0%" />
              </conditions>
            </line>
            <line number="185" hits="0" branch="False" />
            <line number="186" hits="0" branch="False" />
            <line number="187" hits="0" branch="False" />
            <line number="189" hits="0" branch="False" />
            <line number="190" hits="0" branch="False" />
            <line number="191" hits="0" branch="False" />
            <line number="192" hits="0" branch="False" />
            <line number="194" hits="0" branch="True" condition-coverage="0% (0/2)">
              <conditions>
                <condition number="320" type="jump" coverage="0%" />
              </conditions>
            </line>
            <line number="195" hits="0" branch="False" />
            <line number="197" hits="0" branch="False" />
            <line number="198" hits="0" branch="False" />
            <line number="10" hits="0" branch="False" />
            <line number="11" hits="0" branch="False" />
            <line number="12" hits="0" branch="False" />
          </lines>
        </class>
        <class name="SpriteCore.Audio.AudioSystem/ActiveSource" filename="Audio\AudioSystem.cs" line-rate="0" branch-rate="1" complexity="1">
          <methods>
            <method name=".ctor" signature="()" line-rate="0" branch-rate="1" complexity="1">
              <lines>
                <line number="17" hits="0" branch="False" />
              </lines>
            </method>
          </methods>
          <lines>
            <line number="17" hits="0" branch="False" />
          </lines>
        </class>
      </classes>
    </package>
  </packages>
</coverage>